1479531838	2016-11-19 05:03:58	P	知识管理:技术:提升-架构设计:软件管理:单元测试	知识管理:技术:软件设计与管理:单元测试	success	
1479531838	2016-11-19 05:03:58	P	知识管理:技术:提升-架构设计:软件管理:git	知识管理:技术:软件设计与管理:版本管理	success	
1479531838	2016-11-19 05:03:58	P	知识管理:技术:提升-架构设计:拓展性技术	知识管理:技术:拓展性技术	success	
1479531838	2016-11-19 05:03:58	P	知识管理:技术:提升-架构设计:服务器	知识管理:技术:服务器	success	
1479531838	2016-11-19 05:03:58	P	知识管理:技术:提升-架构设计:数据库	知识管理:技术:数据库	success	
1479531838	2016-11-19 05:03:58	P	知识管理:技术:提升-架构设计:框架	知识管理:技术:框架	success	
1479531838	2016-11-19 05:03:58	P	知识管理:技术:提升-架构设计:软件管理:单元测试:测试	知识管理:技术:软件设计与管理:单元测试:测试	success	
1479531838	2016-11-19 05:03:58	P	知识管理:技术:提升-架构设计:软件管理:单元测试:fiddler	知识管理:技术:软件设计与管理:单元测试:fiddler	success	
1479531838	2016-11-19 05:03:58	P	知识管理:技术:提升-架构设计:软件管理:单元测试:postman	知识管理:技术:软件设计与管理:单元测试:postman	success	
1479531838	2016-11-19 05:03:58	P	知识管理:技术:提升-架构设计:软件管理:需求分析:uml	知识管理:技术:软件设计与管理:需求分析:uml	success	
1479531839	2016-11-19 05:03:59	P	知识管理:技术:提升-架构设计:服务器:日志	知识管理:技术:服务器:日志	success	
1479531839	2016-11-19 05:03:59	P	知识管理:技术:提升-架构设计:拓展性技术:elasticsearch:kibana	知识管理:技术:拓展性技术:elasticsearch:kibana	success	
1479531839	2016-11-19 05:03:59	P	知识管理:技术:提升-架构设计:拓展性技术:elasticsearch:logstash	知识管理:技术:拓展性技术:elasticsearch:logstash	success	
1479531839	2016-11-19 05:03:59	P	知识管理:技术:提升-架构设计:拓展性技术:个性化推荐系统	知识管理:技术:拓展性技术:个性化推荐系统	success	
1479531839	2016-11-19 05:03:59	P	知识管理:技术:提升-架构设计:拓展性技术:elasticsearch	知识管理:技术:拓展性技术:elasticsearch	success	
1479531839	2016-11-19 05:03:59	P	知识管理:技术:提升-架构设计:拓展性技术:jenkins	知识管理:技术:拓展性技术:jenkins	success	
1479531839	2016-11-19 05:03:59	P	知识管理:技术:提升-架构设计:拓展性技术:swoole	知识管理:技术:拓展性技术:swoole	success	
1479531839	2016-11-19 05:03:59	P	知识管理:技术:提升-架构设计:框架:laravel:lumen	知识管理:技术:框架:laravel:lumen	success	
1479531839	2016-11-19 05:03:59	P	知识管理:技术:提升-架构设计:框架:laravel	知识管理:技术:框架:laravel	success	
1479531839	2016-11-19 05:03:59	P	知识管理:技术:提升-架构设计:框架:sympony2	知识管理:技术:框架:sympony2	success	
1479531839	2016-11-19 05:03:59	P	知识管理:技术:提升-架构设计:框架:tp5	知识管理:技术:框架:tp5	success	
1479531839	2016-11-19 05:03:59	P	知识管理:技术:提升-架构设计:框架:yii	知识管理:技术:框架:yii	success	
1479531839	2016-11-19 05:03:59	P	知识管理:技术:提升-架构设计:数据库:mysql:mysql优化	知识管理:技术:数据库:mysql:mysql优化	success	
1479531839	2016-11-19 05:03:59	P	知识管理:技术:提升-架构设计:数据库:memcache	知识管理:技术:数据库:memcache	success	
1479531840	2016-11-19 05:04:00	P	知识管理:技术:提升-架构设计:数据库:mongodb	知识管理:技术:数据库:mongodb	success	
1479531840	2016-11-19 05:04:00	P	知识管理:技术:提升-架构设计:数据库:redis	知识管理:技术:数据库:redis	success	
1479531840	2016-11-19 05:04:00	P	知识管理:技术:软件设计思想:敏捷开发:开发流程	知识管理:技术:软件设计与管理:敏捷开发:开发流程	success	
1479531840	2016-11-19 05:04:00	P	知识管理:技术:软件设计思想:设计模式	知识管理:技术:软件设计与管理:设计模式	success	
